0 info it worked if it ends with ok
1 verbose cli [ '/usr/bin/nodejs', '/usr/bin/npm', 'publish', '--tag=beta' ]
2 info using npm@3.8.5
3 info using node@v4.4.0
4 verbose publish [ '.' ]
5 silly cache add args [ '.', null ]
6 verbose cache add spec .
7 silly cache add parsed spec Result {
7 silly cache add   raw: '.',
7 silly cache add   scope: null,
7 silly cache add   name: null,
7 silly cache add   rawSpec: '.',
7 silly cache add   spec: '/home/xbase/nodeschool.io/xlab.kr',
7 silly cache add   type: 'directory' }
8 verbose addLocalDirectory /home/xbase/.npm/xlab.kr/1.0.5/package.tgz not in flight; packing
9 verbose correctMkdir /home/xbase/.npm correctMkdir not in flight; initializing
10 info lifecycle xlab.kr@1.0.5~prepublish: xlab.kr@1.0.5
11 silly lifecycle xlab.kr@1.0.5~prepublish: no script for prepublish, continuing
12 verbose tar pack [ '/home/xbase/.npm/xlab.kr/1.0.5/package.tgz',
12 verbose tar pack   '/home/xbase/nodeschool.io/xlab.kr' ]
13 verbose tarball /home/xbase/.npm/xlab.kr/1.0.5/package.tgz
14 verbose folder /home/xbase/nodeschool.io/xlab.kr
15 verbose addLocalTarball adding from inside cache /home/xbase/.npm/xlab.kr/1.0.5/package.tgz
16 verbose correctMkdir /home/xbase/.npm correctMkdir not in flight; initializing
17 silly cache afterAdd xlab.kr@1.0.5
18 verbose afterAdd /home/xbase/.npm/xlab.kr/1.0.5/package/package.json not in flight; writing
19 verbose correctMkdir /home/xbase/.npm correctMkdir not in flight; initializing
20 verbose afterAdd /home/xbase/.npm/xlab.kr/1.0.5/package/package.json written
21 silly publish { name: 'xlab.kr',
21 silly publish   version: '1.0.5',
21 silly publish   description: 'xlab common seed project',
21 silly publish   main: 'index.js',
21 silly publish   scripts: { test: 'node test.js' },
21 silly publish   author: { name: 'Jiyeol Lim' },
21 silly publish   license: 'ISC',
21 silly publish   repository: { type: 'git', url: 'git+https://github.com/ibizcox/xlab.git' },
21 silly publish   dependencies: { '@linclark/pkg': '^1.0.2' },
21 silly publish   readme: 'ERROR: No README data found!',
21 silly publish   readmeFilename: 'README.md',
21 silly publish   bugs: { url: 'https://github.com/ibizcox/xlab/issues' },
21 silly publish   homepage: 'https://github.com/ibizcox/xlab#readme',
21 silly publish   _id: 'xlab.kr@1.0.5',
21 silly publish   _shasum: '9bd10d5876fe0a0ce8c3aa9b232f8637108e6b40',
21 silly publish   _from: '.' }
22 verbose getPublishConfig undefined
23 silly mapToRegistry name xlab.kr
24 silly mapToRegistry using default registry
25 silly mapToRegistry registry http://localhost:15443/
26 silly mapToRegistry data Result {
26 silly mapToRegistry   raw: 'xlab.kr',
26 silly mapToRegistry   scope: null,
26 silly mapToRegistry   name: 'xlab.kr',
26 silly mapToRegistry   rawSpec: '',
26 silly mapToRegistry   spec: 'latest',
26 silly mapToRegistry   type: 'tag' }
27 silly mapToRegistry uri http://localhost:15443/xlab.kr
28 verbose publish registryBase http://localhost:15443/
29 silly publish uploading /home/xbase/.npm/xlab.kr/1.0.5/package.tgz
30 verbose request uri http://localhost:15443/xlab.kr
31 verbose request sending authorization for write operation
32 info attempt registry request try #1 at 20:48:24
33 verbose request id aff50fd3abbff2c6
34 http request PUT http://localhost:15443/xlab.kr
35 http 404 http://localhost:15443/xlab.kr
36 verbose headers { 'content-type': 'application/json',
36 verbose headers   date: 'Fri, 01 Apr 2016 11:48:25 GMT',
36 verbose headers   connection: 'keep-alive',
36 verbose headers   'content-length': '19' }
37 verbose request invalidating /home/xbase/.npm/localhost_15443/xlab.kr on PUT
38 error publish Failed PUT 404
39 verbose stack Error: missing : xlab.kr
39 verbose stack     at makeError (/usr/lib/node_modules/npm/node_modules/npm-registry-client/lib/request.js:264:12)
39 verbose stack     at CachingRegistryClient.<anonymous> (/usr/lib/node_modules/npm/node_modules/npm-registry-client/lib/request.js:252:14)
39 verbose stack     at Request._callback (/usr/lib/node_modules/npm/node_modules/npm-registry-client/lib/request.js:172:14)
39 verbose stack     at Request.self.callback (/usr/lib/node_modules/npm/node_modules/request/request.js:199:22)
39 verbose stack     at emitTwo (events.js:87:13)
39 verbose stack     at Request.emit (events.js:172:7)
39 verbose stack     at Request.<anonymous> (/usr/lib/node_modules/npm/node_modules/request/request.js:1036:10)
39 verbose stack     at emitOne (events.js:82:20)
39 verbose stack     at Request.emit (events.js:169:7)
39 verbose stack     at IncomingMessage.<anonymous> (/usr/lib/node_modules/npm/node_modules/request/request.js:963:12)
40 verbose statusCode 404
41 verbose pkgid xlab.kr
42 verbose cwd /home/xbase/nodeschool.io/xlab.kr
43 error Linux 3.13.0-83-generic
44 error argv "/usr/bin/nodejs" "/usr/bin/npm" "publish" "--tag=beta"
45 error node v4.4.0
46 error npm  v3.8.5
47 error code E404
48 error 404 missing : xlab.kr
49 error 404
50 error 404 'xlab.kr' is not in the npm registry.
51 error 404 You should bug the author to publish it (or use the name yourself!)
52 error 404 Note that you can also install from a
53 error 404 tarball, folder, http url, or git url.
54 verbose exit [ 1, true ]
